# JRE version: OpenJDK Runtime Environment Microsoft-8035246 (17.0.8+7) (build 17.0.8+7-LTS)
# Java VM: OpenJDK 64-Bit Server VM Microsoft-8035246 (17.0.8+7-LTS, mixed mode, sharing, tiered, compressed oops, compressed class ptrs, g1 gc, windows-amd64)
GC Precious Log:
 CPUs: 12 total, 12 available
 Memory: 7896M
 Large Page Support: Disabled
 NUMA Support: Disabled
 Compressed Oops: Enabled (32-bit)
 Heap Region Size: 1M
 Heap Min Capacity: 8M
 Heap Initial Capacity: 124M
 Heap Max Capacity: 2G
 Pre-touch: Disabled
 Parallel Workers: 10
 Concurrent Workers: 3
 Concurrent Refinement Workers: 10
 Periodic GC: Disabled
Heap:
 garbage-first heap   total 285696K, used 169111K [0x0000000080000000, 0x0000000100000000)
  region size 1024K, 9 young (9216K), 4 survivors (4096K)
 Metaspace       used 103000K, committed 104000K, reserved 557056K
  class space    used 14404K, committed 14848K, reserved 425984K
GC Heap History (20 events):
Event: 35.022 GC heap before
{Heap before GC invocations=61 (full 0):
 garbage-first heap   total 215040K, used 153701K [0x0000000080000000, 0x0000000100000000)
  region size 1024K, 34 young (34816K), 3 survivors (3072K)
 Metaspace       used 93450K, committed 94336K, reserved 557056K
  class space    used 13085K, committed 13504K, reserved 425984K
}
Event: 35.033 GC heap after
{Heap after GC invocations=62 (full 0):
 garbage-first heap   total 215040K, used 129111K [0x0000000080000000, 0x0000000100000000)
  region size 1024K, 5 young (5120K), 5 survivors (5120K)
 Metaspace       used 93450K, committed 94336K, reserved 557056K
  class space    used 13085K, committed 13504K, reserved 425984K
}
Event: 35.174 GC heap before
{Heap before GC invocations=62 (full 0):
 garbage-first heap   total 215040K, used 135255K [0x0000000080000000, 0x0000000100000000)
  region size 1024K, 10 young (10240K), 5 survivors (5120K)
 Metaspace       used 93463K, committed 94336K, reserved 557056K
  class space    used 13087K, committed 13504K, reserved 425984K
}
Event: 35.186 GC heap after
{Heap after GC invocations=63 (full 0):
 garbage-first heap   total 215040K, used 133765K [0x0000000080000000, 0x0000000100000000)
  region size 1024K, 2 young (2048K), 2 survivors (2048K)
 Metaspace       used 93463K, committed 94336K, reserved 557056K
  class space    used 13087K, committed 13504K, reserved 425984K
}
Event: 35.854 GC heap before
{Heap before GC invocations=63 (full 0):
 garbage-first heap   total 215040K, used 165509K [0x0000000080000000, 0x0000000100000000)
  region size 1024K, 33 young (33792K), 2 survivors (2048K)
 Metaspace       used 94748K, committed 95680K, reserved 557056K
  class space    used 13254K, committed 13696K, reserved 425984K
}
Event: 35.864 GC heap after
{Heap after GC invocations=64 (full 0):
 garbage-first heap   total 215040K, used 137879K [0x0000000080000000, 0x0000000100000000)
  region size 1024K, 5 young (5120K), 5 survivors (5120K)
 Metaspace       used 94748K, committed 95680K, reserved 557056K
  class space    used 13254K, committed 13696K, reserved 425984K
}
Event: 36.589 GC heap before
{Heap before GC invocations=65 (full 0):
 garbage-first heap   total 237568K, used 167575K [0x0000000080000000, 0x0000000100000000)
  region size 1024K, 34 young (34816K), 5 survivors (5120K)
 Metaspace       used 97219K, committed 98176K, reserved 557056K
  class space    used 13648K, committed 14080K, reserved 425984K
}
Event: 36.601 GC heap after
{Heap after GC invocations=66 (full 0):
 garbage-first heap   total 237568K, used 139014K [0x0000000080000000, 0x0000000100000000)
  region size 1024K, 2 young (2048K), 2 survivors (2048K)
 Metaspace       used 97219K, committed 98176K, reserved 557056K
  class space    used 13648K, committed 14080K, reserved 425984K
}
Event: 36.875 GC heap before
{Heap before GC invocations=66 (full 0):
 garbage-first heap   total 237568K, used 148230K [0x0000000080000000, 0x0000000100000000)
  region size 1024K, 11 young (11264K), 2 survivors (2048K)
 Metaspace       used 98790K, committed 99712K, reserved 557056K
  class space    used 13819K, committed 14272K, reserved 425984K
}
Event: 36.881 GC heap after
{Heap after GC invocations=67 (full 0):
 garbage-first heap   total 285696K, used 139721K [0x0000000080000000, 0x0000000100000000)
  region size 1024K, 1 young (1024K), 1 survivors (1024K)
 Metaspace       used 98790K, committed 99712K, reserved 557056K
  class space    used 13819K, committed 14272K, reserved 425984K
}
Event: 38.469 GC heap before
{Heap before GC invocations=67 (full 0):
 garbage-first heap   total 285696K, used 205257K [0x0000000080000000, 0x0000000100000000)
  region size 1024K, 65 young (66560K), 1 survivors (1024K)
 Metaspace       used 101099K, committed 102080K, reserved 557056K
  class space    used 14118K, committed 14592K, reserved 425984K
}
Event: 38.484 GC heap after
{Heap after GC invocations=68 (full 0):
 garbage-first heap   total 285696K, used 146363K [0x0000000080000000, 0x0000000100000000)
  region size 1024K, 8 young (8192K), 8 survivors (8192K)
 Metaspace       used 101099K, committed 102080K, reserved 557056K
  class space    used 14118K, committed 14592K, reserved 425984K
}
Event: 39.647 GC heap before
{Heap before GC invocations=69 (full 0):
 garbage-first heap   total 285696K, used 210875K [0x0000000080000000, 0x0000000100000000)
  region size 1024K, 72 young (73728K), 8 survivors (8192K)
 Metaspace       used 102369K, committed 103360K, reserved 557056K
  class space    used 14345K, committed 14848K, reserved 425984K
}
Event: 39.661 GC heap after
{Heap after GC invocations=70 (full 0):
 garbage-first heap   total 285696K, used 152774K [0x0000000080000000, 0x0000000100000000)
  region size 1024K, 7 young (7168K), 7 survivors (7168K)
 Metaspace       used 102369K, committed 103360K, reserved 557056K
  class space    used 14345K, committed 14848K, reserved 425984K
}
Event: 39.707 GC heap before
{Heap before GC invocations=70 (full 0):
 garbage-first heap   total 285696K, used 157894K [0x0000000080000000, 0x0000000100000000)
  region size 1024K, 13 young (13312K), 7 survivors (7168K)
 Metaspace       used 102404K, committed 103424K, reserved 557056K
  class space    used 14345K, committed 14848K, reserved 425984K
}
Event: 39.714 GC heap after
{Heap after GC invocations=71 (full 0):
 garbage-first heap   total 285696K, used 153539K [0x0000000080000000, 0x0000000100000000)
  region size 1024K, 2 young (2048K), 2 survivors (2048K)
 Metaspace       used 102404K, committed 103424K, reserved 557056K
  class space    used 14345K, committed 14848K, reserved 425984K
}
Event: 40.584 GC heap before
{Heap before GC invocations=71 (full 0):
 garbage-first heap   total 285696K, used 218051K [0x0000000080000000, 0x0000000100000000)
  region size 1024K, 66 young (67584K), 2 survivors (2048K)
 Metaspace       used 102951K, committed 103872K, reserved 557056K
  class space    used 14404K, committed 14848K, reserved 425984K
}
Event: 40.591 GC heap after
{Heap after GC invocations=72 (full 0):
 garbage-first heap   total 285696K, used 158095K [0x0000000080000000, 0x0000000100000000)
  region size 1024K, 6 young (6144K), 6 survivors (6144K)
 Metaspace       used 102951K, committed 103872K, reserved 557056K
  class space    used 14404K, committed 14848K, reserved 425984K
}
Event: 41.969 GC heap before
{Heap before GC invocations=73 (full 0):
 garbage-first heap   total 285696K, used 226703K [0x0000000080000000, 0x0000000100000000)
  region size 1024K, 70 young (71680K), 6 survivors (6144K)
 Metaspace       used 102947K, committed 103872K, reserved 557056K
  class space    used 14400K, committed 14848K, reserved 425984K
}
Event: 41.986 GC heap after
{Heap after GC invocations=74 (full 0):
 garbage-first heap   total 285696K, used 166039K [0x0000000080000000, 0x0000000100000000)
  region size 1024K, 4 young (4096K), 4 survivors (4096K)
 Metaspace       used 102947K, committed 103872K, reserved 557056K
  class space    used 14400K, committed 14848K, reserved 425984K
}

